TN:
SF:src\App.tsx
FN:17,(anonymous_0)
FNF:1
FNH:1
FNDA:8,(anonymous_0)
DA:1,2
DA:2,2
DA:3,2
DA:4,2
DA:5,2
DA:6,2
DA:7,2
DA:8,2
DA:9,2
DA:10,2
DA:11,2
DA:12,2
DA:14,2
DA:15,2
DA:17,2
DA:18,8
DA:59,2
LF:17
LH:17
BRF:0
BRH:0
end_of_record
TN:
SF:src\main.tsx
FNF:0
FNH:0
DA:2,0
DA:3,0
DA:4,0
DA:5,0
DA:6,0
DA:7,0
DA:8,0
DA:9,0
DA:11,0
DA:13,0
LF:10
LH:0
BRF:0
BRH:0
end_of_record
TN:
SF:src\api\ordersApi.ts
FN:34,(anonymous_0)
FN:54,(anonymous_1)
FN:67,(anonymous_2)
FN:70,(anonymous_3)
FN:86,(anonymous_4)
FNF:5
FNH:3
FNDA:0,(anonymous_0)
FNDA:1,(anonymous_1)
FNDA:4,(anonymous_2)
FNDA:1,(anonymous_3)
FNDA:0,(anonymous_4)
DA:1,3
DA:2,3
DA:3,3
DA:34,3
DA:35,0
DA:36,0
DA:37,0
DA:47,0
DA:49,0
DA:50,0
DA:54,3
DA:55,1
DA:64,0
DA:67,3
DA:68,4
DA:71,1
DA:73,0
DA:75,1
DA:86,3
DA:87,0
DA:88,0
LF:21
LH:11
BRDA:71,0,0,0
BRDA:71,1,0,1
BRDA:71,1,1,1
BRDA:79,2,0,4
BRDA:79,2,1,2
BRF:5
BRH:4
end_of_record
TN:
SF:src\auth\ProtectedRouterWrapper.tsx
FN:18,(anonymous_0)
FN:22,(anonymous_1)
FN:26,(anonymous_2)
FN:35,(anonymous_3)
FN:50,(anonymous_4)
FNF:5
FNH:0
FNDA:0,(anonymous_0)
FNDA:0,(anonymous_1)
FNDA:0,(anonymous_2)
FNDA:0,(anonymous_3)
FNDA:0,(anonymous_4)
DA:1,2
DA:4,2
DA:9,2
DA:10,2
DA:11,2
DA:18,2
DA:22,0
DA:24,0
DA:26,0
DA:28,0
DA:33,0
DA:35,0
DA:36,0
DA:37,0
DA:38,0
DA:40,0
DA:43,0
DA:44,0
DA:47,0
DA:50,2
LF:20
LH:7
BRDA:36,0,0,0
BRDA:43,1,0,0
BRF:2
BRH:0
end_of_record
TN:
SF:src\auth\UserRole.ts
FN:1,(anonymous_0)
FNF:1
FNH:1
FNDA:3,(anonymous_0)
DA:1,3
DA:2,3
DA:3,3
LF:3
LH:3
BRDA:1,0,0,3
BRDA:1,0,1,3
BRF:2
BRH:2
end_of_record
TN:
SF:src\auth\authService.ts
FN:13,(anonymous_0)
FN:28,(anonymous_1)
FN:38,(anonymous_2)
FN:51,(anonymous_3)
FN:60,(anonymous_4)
FN:69,(anonymous_5)
FN:73,(anonymous_6)
FNF:7
FNH:2
FNDA:0,(anonymous_0)
FNDA:0,(anonymous_1)
FNDA:13,(anonymous_2)
FNDA:13,(anonymous_3)
FNDA:0,(anonymous_4)
FNDA:0,(anonymous_5)
FNDA:0,(anonymous_6)
DA:1,5
DA:2,5
DA:11,5
DA:13,5
DA:14,0
DA:15,0
DA:16,0
DA:17,0
DA:19,0
DA:21,0
DA:23,0
DA:24,0
DA:25,0
DA:27,0
DA:28,0
DA:29,0
DA:38,5
DA:39,13
DA:41,13
DA:42,12
DA:45,1
DA:51,5
DA:52,13
DA:53,13
DA:54,13
DA:55,12
DA:58,1
DA:60,5
DA:61,0
DA:63,0
DA:64,0
DA:67,0
DA:69,5
DA:70,0
DA:73,5
DA:74,0
DA:75,0
LF:37
LH:18
BRDA:15,0,0,0
BRDA:23,1,0,0
BRDA:23,1,1,0
BRDA:23,2,0,0
BRDA:23,2,1,0
BRDA:41,3,0,12
BRDA:54,4,0,12
BRDA:63,5,0,0
BRF:8
BRH:2
end_of_record
TN:
SF:src\components\cart\CartItem.tsx
FN:14,(anonymous_0)
FNF:1
FNH:1
FNDA:2,(anonymous_0)
DA:2,3
DA:3,3
DA:12,3
DA:14,3
DA:15,2
DA:51,3
LF:6
LH:6
BRF:0
BRH:0
end_of_record
TN:
SF:src\components\cart\CartItemsHeader.tsx
FN:4,(anonymous_0)
FNF:1
FNH:1
FNDA:2,(anonymous_0)
DA:1,3
DA:4,3
DA:5,2
DA:29,3
LF:4
LH:4
BRF:0
BRH:0
end_of_record
TN:
SF:src\components\cart\QuantityInput.tsx
FN:10,(anonymous_0)
FN:25,(anonymous_1)
FN:41,(anonymous_2)
FN:62,(anonymous_3)
FNF:4
FNH:4
FNDA:9,(anonymous_0)
FNDA:3,(anonymous_1)
FNDA:2,(anonymous_2)
FNDA:2,(anonymous_3)
DA:1,5
DA:10,5
DA:15,9
DA:25,3
DA:42,2
DA:62,2
DA:78,5
LF:7
LH:7
BRDA:42,0,0,2
BRDA:42,0,1,1
BRF:2
BRH:2
end_of_record
TN:
SF:src\components\layout\CheckBoxGroup.tsx
FN:12,(anonymous_0)
FN:25,(anonymous_1)
FN:31,(anonymous_2)
FNF:3
FNH:3
FNDA:8,(anonymous_0)
FNDA:9,(anonymous_1)
FNDA:1,(anonymous_2)
DA:2,4
DA:12,4
DA:19,8
DA:26,9
DA:31,1
DA:47,4
LF:6
LH:6
BRDA:16,0,0,0
BRF:1
BRH:0
end_of_record
TN:
SF:src\components\layout\Header.tsx
FN:8,(anonymous_0)
FN:9,(anonymous_1)
FN:10,(anonymous_2)
FNF:3
FNH:3
FNDA:6,(anonymous_0)
FNDA:6,(anonymous_1)
FNDA:6,(anonymous_2)
DA:1,3
DA:2,3
DA:3,3
DA:4,3
DA:5,3
DA:6,3
DA:8,3
DA:9,6
DA:10,6
DA:11,6
DA:14,6
DA:38,3
LF:12
LH:12
BRDA:29,0,0,6
BRDA:29,0,1,0
BRF:2
BRH:1
end_of_record
TN:
SF:src\components\layout\HeaderLink.tsx
FN:9,(anonymous_0)
FNF:1
FNH:1
FNDA:37,(anonymous_0)
DA:2,4
DA:9,4
DA:10,37
DA:20,4
LF:4
LH:4
BRF:0
BRH:0
end_of_record
TN:
SF:src\components\layout\Layout.tsx
FN:7,(anonymous_0)
FNF:1
FNH:1
FNDA:5,(anonymous_0)
DA:2,2
DA:3,2
DA:4,2
DA:5,2
DA:7,2
DA:8,5
DA:22,2
LF:7
LH:7
BRF:0
BRH:0
end_of_record
TN:
SF:src\components\layout\Logo.tsx
FN:4,(anonymous_0)
FNF:1
FNH:1
FNDA:6,(anonymous_0)
DA:2,3
DA:4,3
DA:5,6
DA:21,3
LF:4
LH:4
BRF:0
BRH:0
end_of_record
TN:
SF:src\components\layout\Main.tsx
FN:4,(anonymous_0)
FNF:1
FNH:1
FNDA:5,(anonymous_0)
DA:1,2
DA:4,2
DA:5,5
DA:7,5
DA:23,2
LF:5
LH:5
BRDA:10,0,0,2
BRDA:10,0,1,3
BRF:2
BRH:2
end_of_record
TN:
SF:src\components\layout\ProfilePhotoWrapper.tsx
FN:11,(anonymous_0)
FN:15,(anonymous_1)
FN:20,(anonymous_2)
FN:25,(anonymous_3)
FNF:4
FNH:0
FNDA:0,(anonymous_0)
FNDA:0,(anonymous_1)
FNDA:0,(anonymous_2)
FNDA:0,(anonymous_3)
DA:2,3
DA:3,3
DA:4,3
DA:5,3
DA:11,3
DA:12,0
DA:13,0
DA:15,0
DA:16,0
DA:20,0
DA:21,0
DA:25,0
DA:27,0
DA:28,0
DA:31,0
DA:34,0
DA:35,0
DA:36,0
DA:96,3
LF:19
LH:6
BRDA:35,0,0,0
BRDA:35,0,1,0
BRDA:56,1,0,0
BRDA:56,1,1,0
BRF:4
BRH:0
end_of_record
TN:
SF:src\components\layout\ShoppingCartMiniature.tsx
FN:8,(anonymous_0)
FN:10,(anonymous_1)
FNF:2
FNH:2
FNDA:7,(anonymous_0)
FNDA:14,(anonymous_1)
DA:1,4
DA:2,4
DA:4,4
DA:5,4
DA:8,4
DA:10,14
DA:13,7
DA:15,7
DA:43,4
LF:9
LH:9
BRF:0
BRH:0
end_of_record
TN:
SF:src\components\layout\Sidebar.tsx
FN:14,(anonymous_0)
FN:18,(anonymous_1)
FN:26,(anonymous_2)
FN:57,(anonymous_3)
FN:64,(anonymous_4)
FNF:5
FNH:3
FNDA:6,(anonymous_0)
FNDA:12,(anonymous_1)
FNDA:0,(anonymous_2)
FNDA:6,(anonymous_3)
FNDA:0,(anonymous_4)
DA:2,3
DA:3,3
DA:4,3
DA:5,3
DA:7,3
DA:8,3
DA:12,3
DA:14,3
DA:15,6
DA:16,6
DA:17,6
DA:18,12
DA:21,6
DA:22,3
DA:25,3
DA:26,0
DA:36,3
DA:53,3
DA:58,6
DA:65,0
DA:75,3
LF:21
LH:19
BRDA:17,0,0,6
BRDA:21,1,0,3
BRDA:63,2,0,6
BRDA:63,2,1,0
BRF:4
BRH:3
end_of_record
TN:
SF:src\components\layout\UserActionsWrapper.tsx
FN:13,(anonymous_0)
FNF:1
FNH:1
FNDA:6,(anonymous_0)
DA:2,3
DA:3,3
DA:4,3
DA:5,3
DA:7,3
DA:13,3
DA:14,6
DA:31,3
LF:8
LH:8
BRDA:17,0,0,6
BRDA:17,0,1,6
BRDA:24,1,0,6
BRDA:24,1,1,0
BRDA:25,2,0,6
BRDA:25,2,1,0
BRDA:25,2,2,6
BRF:7
BRH:5
end_of_record
TN:
SF:src\components\login\LoginForm.tsx
FN:9,(anonymous_0)
FN:19,(anonymous_1)
FN:25,(anonymous_2)
FN:65,(anonymous_3)
FN:77,(anonymous_4)
FN:86,(anonymous_5)
FNF:6
FNH:5
FNDA:11,(anonymous_0)
FNDA:10,(anonymous_1)
FNDA:2,(anonymous_2)
FNDA:0,(anonymous_3)
FNDA:2,(anonymous_4)
FNDA:2,(anonymous_5)
DA:1,3
DA:2,3
DA:3,3
DA:4,3
DA:5,3
DA:6,3
DA:7,3
DA:9,3
DA:10,11
DA:11,11
DA:12,11
DA:13,11
DA:15,11
DA:17,11
DA:19,11
DA:20,10
DA:21,2
DA:25,11
DA:26,2
DA:28,2
DA:29,0
DA:30,0
DA:33,2
DA:34,2
DA:35,2
DA:36,2
DA:38,2
DA:48,1
DA:49,1
DA:52,1
DA:55,1
DA:56,1
DA:57,1
DA:58,1
DA:59,1
DA:61,1
DA:65,11
DA:66,0
DA:69,11
DA:77,2
DA:86,2
DA:128,3
LF:42
LH:39
BRDA:20,0,0,2
BRDA:28,1,0,0
BRDA:28,2,0,2
BRDA:28,2,1,2
BRDA:88,3,0,11
BRDA:88,3,1,1
BRF:6
BRH:5
end_of_record
TN:
SF:src\components\product\ProductCard.tsx
FN:23,(anonymous_0)
FN:36,(anonymous_1)
FN:43,(anonymous_2)
FNF:3
FNH:1
FNDA:1,(anonymous_0)
FNDA:0,(anonymous_1)
FNDA:0,(anonymous_2)
DA:1,3
DA:2,3
DA:9,3
DA:23,3
DA:34,1
DA:36,1
DA:37,0
DA:38,0
DA:40,0
DA:43,1
DA:44,0
DA:45,0
DA:48,1
DA:126,3
LF:14
LH:9
BRDA:37,0,0,0
BRDA:61,1,0,1
BRDA:61,1,1,0
BRF:3
BRH:1
end_of_record
TN:
SF:src\hooks\registerClients.ts
FN:5,(anonymous_0)
FN:6,(anonymous_1)
FNF:2
FNH:1
FNDA:1,(anonymous_0)
FNDA:0,(anonymous_1)
DA:1,2
DA:3,2
DA:5,2
DA:6,1
DA:7,0
DA:8,0
DA:9,0
DA:18,0
DA:19,0
DA:20,0
DA:22,0
DA:24,0
DA:25,0
DA:26,0
DA:27,0
DA:29,0
DA:31,0
DA:35,1
DA:38,2
LF:19
LH:6
BRDA:19,0,0,0
BRDA:24,1,0,0
BRDA:24,1,1,0
BRF:3
BRH:0
end_of_record
TN:
SF:src\hooks\useCustomNavigation.ts
FN:3,useCustomNavigation
FN:6,navigateToLoginPage
FN:10,navigateToHome
FNF:3
FNH:2
FNDA:11,useCustomNavigation
FNDA:0,navigateToLoginPage
FNDA:3,navigateToHome
DA:1,3
DA:3,3
DA:4,11
DA:7,0
DA:11,3
DA:14,11
LF:6
LH:5
BRF:0
BRH:0
end_of_record
TN:
SF:src\hooks\useProducts.ts
FN:18,(anonymous_0)
FN:25,(anonymous_1)
FN:31,(anonymous_2)
FNF:3
FNH:2
FNDA:3,(anonymous_0)
FNDA:0,(anonymous_1)
FNDA:8,(anonymous_2)
DA:1,4
DA:2,4
DA:16,4
DA:18,4
DA:19,3
DA:22,0
DA:23,0
DA:25,0
DA:31,4
DA:32,8
LF:10
LH:7
BRDA:22,0,0,0
BRDA:27,1,0,0
BRDA:27,1,1,0
BRF:3
BRH:0
end_of_record
TN:
SF:src\hooks\useUnathorizedRedirect.tsx
FN:6,(anonymous_0)
FN:10,(anonymous_1)
FN:13,(anonymous_2)
FNF:3
FNH:0
FNDA:0,(anonymous_0)
FNDA:0,(anonymous_1)
FNDA:0,(anonymous_2)
DA:1,2
DA:3,2
DA:4,2
DA:6,2
DA:7,0
DA:9,0
DA:11,0
DA:14,0
DA:15,0
DA:16,0
DA:19,0
DA:24,2
LF:12
LH:5
BRDA:14,0,0,0
BRDA:14,1,0,0
BRDA:14,1,1,0
BRF:3
BRH:0
end_of_record
TN:
SF:src\model\cardItem.ts
FN:23,(anonymous_0)
FN:25,(anonymous_1)
FN:37,(anonymous_2)
FN:38,(anonymous_3)
FN:40,(anonymous_4)
FN:43,(anonymous_5)
FN:47,(anonymous_6)
FNF:7
FNH:0
FNDA:0,(anonymous_0)
FNDA:0,(anonymous_1)
FNDA:0,(anonymous_2)
FNDA:0,(anonymous_3)
FNDA:0,(anonymous_4)
FNDA:0,(anonymous_5)
FNDA:0,(anonymous_6)
DA:1,4
DA:15,4
DA:19,4
DA:24,0
DA:25,0
DA:27,0
DA:28,0
DA:30,0
DA:38,0
DA:41,0
DA:47,0
DA:48,0
DA:49,0
DA:55,4
DA:57,4
LF:15
LH:5
BRDA:27,0,0,0
BRDA:27,0,1,0
BRDA:48,1,0,0
BRF:3
BRH:0
end_of_record
TN:
SF:src\model\checkoutFormData.ts
FN:27,(anonymous_0)
FN:35,(anonymous_1)
FNF:2
FNH:0
FNDA:0,(anonymous_0)
FNDA:0,(anonymous_1)
DA:1,3
DA:18,3
DA:22,3
DA:31,0
DA:36,0
DA:42,3
DA:44,3
LF:7
LH:5
BRF:0
BRH:0
end_of_record
TN:
SF:src\model\order.ts
FN:15,(anonymous_0)
FN:18,(anonymous_1)
FNF:2
FNH:0
FNDA:0,(anonymous_0)
FNDA:0,(anonymous_1)
DA:1,3
DA:7,3
DA:11,3
DA:16,0
DA:19,0
DA:24,3
DA:25,3
LF:7
LH:5
BRF:0
BRH:0
end_of_record
TN:
SF:src\model\product.ts
FN:17,(anonymous_0)
FN:19,(anonymous_1)
FN:27,(anonymous_2)
FN:33,(anonymous_3)
FNF:4
FNH:0
FNDA:0,(anonymous_0)
FNDA:0,(anonymous_1)
FNDA:0,(anonymous_2)
FNDA:0,(anonymous_3)
DA:1,4
DA:10,4
DA:17,4
DA:18,0
DA:19,0
DA:23,4
DA:28,0
DA:34,0
DA:42,4
DA:45,4
LF:10
LH:6
BRDA:18,0,0,0
BRDA:18,0,1,0
BRF:2
BRH:0
end_of_record
TN:
SF:src\pages\About.tsx
FN:4,(anonymous_0)
FNF:1
FNH:1
FNDA:2,(anonymous_0)
DA:2,3
DA:4,3
DA:5,2
DA:69,3
LF:4
LH:4
BRF:0
BRH:0
end_of_record
TN:
SF:src\pages\Admin.tsx
FN:30,(anonymous_0)
FN:46,(anonymous_1)
FN:50,(anonymous_2)
FN:57,(anonymous_3)
FN:61,(anonymous_4)
FN:105,(anonymous_5)
FN:112,(anonymous_6)
FN:141,(anonymous_7)
FNF:8
FNH:3
FNDA:5,(anonymous_0)
FNDA:0,(anonymous_1)
FNDA:0,(anonymous_2)
FNDA:0,(anonymous_3)
FNDA:0,(anonymous_4)
FNDA:1,(anonymous_5)
FNDA:1,(anonymous_6)
FNDA:0,(anonymous_7)
DA:1,3
DA:2,3
DA:13,3
DA:14,3
DA:15,3
DA:16,3
DA:26,3
DA:28,3
DA:30,3
DA:31,5
DA:43,4
DA:45,4
DA:46,0
DA:50,0
DA:56,4
DA:57,0
DA:61,0
DA:67,4
DA:81,4
DA:106,1
DA:113,1
DA:142,0
DA:155,3
LF:23
LH:18
BRDA:40,0,0,4
BRDA:119,1,0,4
BRDA:119,1,1,1
BRDA:120,2,0,4
BRDA:120,2,1,0
BRF:5
BRH:4
end_of_record
TN:
SF:src\pages\Cart.tsx
FN:12,(anonymous_0)
FN:13,(anonymous_1)
FN:17,(anonymous_2)
FN:26,(anonymous_3)
FN:64,(anonymous_4)
FNF:5
FNH:2
FNDA:1,(anonymous_0)
FNDA:2,(anonymous_1)
FNDA:0,(anonymous_2)
FNDA:0,(anonymous_3)
FNDA:0,(anonymous_4)
DA:2,2
DA:3,2
DA:4,2
DA:6,2
DA:7,2
DA:8,2
DA:9,2
DA:10,2
DA:12,2
DA:13,2
DA:14,1
DA:15,1
DA:17,1
DA:18,0
DA:19,0
DA:21,0
DA:25,1
DA:26,0
DA:30,1
DA:65,0
DA:115,2
LF:21
LH:16
BRDA:18,0,0,0
BRDA:55,1,0,0
BRDA:55,1,1,1
BRDA:60,2,0,1
BRDA:60,2,1,0
BRDA:99,3,0,0
BRDA:99,3,1,1
BRF:7
BRH:3
end_of_record
TN:
SF:src\pages\Checkout.tsx
FN:21,(anonymous_0)
FN:25,(anonymous_1)
FN:27,(anonymous_2)
FN:67,(anonymous_3)
FN:69,(anonymous_4)
FN:80,(anonymous_5)
FN:87,(anonymous_6)
FN:106,(anonymous_7)
FN:109,(anonymous_8)
FN:116,(anonymous_9)
FN:121,(anonymous_10)
FN:132,(anonymous_11)
FN:138,(anonymous_12)
FN:146,(anonymous_13)
FN:191,(anonymous_14)
FN:228,(anonymous_15)
FN:300,(anonymous_16)
FNF:17
FNH:9
FNDA:4,(anonymous_0)
FNDA:5,(anonymous_1)
FNDA:5,(anonymous_2)
FNDA:0,(anonymous_3)
FNDA:108,(anonymous_4)
FNDA:0,(anonymous_5)
FNDA:1,(anonymous_6)
FNDA:1,(anonymous_7)
FNDA:0,(anonymous_8)
FNDA:0,(anonymous_9)
FNDA:0,(anonymous_10)
FNDA:0,(anonymous_11)
FNDA:1,(anonymous_12)
FNDA:0,(anonymous_13)
FNDA:6,(anonymous_14)
FNDA:6,(anonymous_15)
FNDA:0,(anonymous_16)
DA:1,3
DA:2,3
DA:3,3
DA:4,3
DA:5,3
DA:6,3
DA:7,3
DA:8,3
DA:9,3
DA:10,3
DA:17,3
DA:18,3
DA:19,3
DA:21,3
DA:22,4
DA:25,5
DA:26,3
DA:28,5
DA:37,3
DA:40,3
DA:48,3
DA:52,3
DA:62,3
DA:67,3
DA:69,3
DA:70,108
DA:71,108
DA:74,108
DA:75,51
DA:79,57
DA:81,0
DA:87,3
DA:88,1
DA:90,1
DA:105,1
DA:106,1
DA:109,3
DA:110,0
DA:111,0
DA:114,3
DA:115,3
DA:118,0
DA:120,0
DA:121,0
DA:123,0
DA:126,0
DA:127,0
DA:130,0
DA:133,0
DA:134,0
DA:138,3
DA:140,1
DA:141,1
DA:142,1
DA:146,0
DA:154,0
DA:163,0
DA:166,0
DA:175,0
DA:187,0
DA:190,3
DA:191,6
DA:195,3
DA:229,6
DA:300,0
DA:355,3
LF:66
LH:47
BRDA:28,0,0,5
BRDA:28,0,1,5
BRDA:41,1,0,3
BRDA:41,1,1,3
BRDA:42,2,0,3
BRDA:42,2,1,3
BRDA:43,3,0,3
BRDA:43,3,1,3
BRDA:44,4,0,3
BRDA:44,4,1,3
BRDA:45,5,0,3
BRDA:45,5,1,3
BRDA:49,6,0,3
BRDA:49,6,1,3
BRDA:67,7,0,3
BRDA:67,7,1,3
BRDA:74,8,0,51
BRDA:81,9,0,0
BRDA:81,9,1,0
BRDA:81,9,2,0
BRDA:91,10,0,0
BRDA:91,10,1,1
BRDA:92,11,0,0
BRDA:92,11,1,1
BRDA:93,12,0,0
BRDA:93,12,1,1
BRDA:94,13,0,0
BRDA:94,13,1,1
BRDA:95,14,0,0
BRDA:95,14,1,0
BRDA:99,15,0,0
BRDA:99,15,1,1
BRDA:102,16,0,0
BRDA:102,16,1,1
BRDA:103,17,0,0
BRDA:103,17,1,1
BRDA:120,18,0,0
BRDA:120,18,1,0
BRDA:140,19,0,1
BRDA:171,20,0,0
BRDA:171,20,1,0
BRDA:211,21,0,0
BRDA:211,21,1,3
BRDA:304,22,0,3
BRDA:304,22,1,1
BRDA:311,23,0,3
BRDA:311,23,1,1
BRDA:335,24,0,3
BRDA:335,24,1,0
BRDA:346,25,0,0
BRDA:346,25,1,3
BRF:51
BRH:32
end_of_record
TN:
SF:src\pages\Contact.tsx
FN:4,(anonymous_0)
FNF:1
FNH:1
FNDA:1,(anonymous_0)
DA:2,2
DA:4,2
DA:5,1
DA:54,2
LF:4
LH:4
BRF:0
BRH:0
end_of_record
TN:
SF:src\pages\Login.tsx
FN:5,(anonymous_0)
FNF:1
FNH:1
FNDA:1,(anonymous_0)
DA:2,2
DA:3,2
DA:5,2
DA:6,1
DA:24,2
LF:5
LH:5
BRF:0
BRH:0
end_of_record
TN:
SF:src\pages\NotFound.tsx
FN:5,(anonymous_0)
FNF:1
FNH:1
FNDA:1,(anonymous_0)
DA:1,2
DA:2,2
DA:5,2
DA:6,1
DA:22,2
LF:5
LH:5
BRF:0
BRH:0
end_of_record
TN:
SF:src\pages\ProductsList.tsx
FN:9,(anonymous_0)
FN:10,(anonymous_1)
FN:14,(anonymous_2)
FN:26,(anonymous_3)
FN:50,(anonymous_4)
FN:62,(anonymous_5)
FNF:6
FNH:4
FNDA:5,(anonymous_0)
FNDA:10,(anonymous_1)
FNDA:1,(anonymous_2)
FNDA:0,(anonymous_3)
FNDA:1,(anonymous_4)
FNDA:0,(anonymous_5)
DA:2,3
DA:3,3
DA:4,3
DA:6,3
DA:7,3
DA:9,3
DA:10,10
DA:11,5
DA:12,5
DA:14,5
DA:16,1
DA:20,1
DA:23,1
DA:26,5
DA:27,0
DA:38,5
DA:39,2
DA:41,1
DA:51,1
DA:62,0
DA:70,3
LF:21
LH:19
BRDA:11,0,0,2
BRDA:16,1,0,1
BRDA:16,1,1,0
BRDA:20,2,0,1
BRDA:20,2,1,0
BRDA:23,3,0,1
BRDA:23,3,1,1
BRDA:38,4,0,3
BRDA:39,5,0,1
BRF:9
BRH:7
end_of_record
TN:
SF:src\pages\Register.tsx
FN:18,(anonymous_0)
FN:45,(anonymous_1)
FN:140,(anonymous_2)
FN:149,(anonymous_3)
FN:158,(anonymous_4)
FN:176,(anonymous_5)
FN:186,(anonymous_6)
FN:194,(anonymous_7)
FN:202,(anonymous_8)
FN:213,(anonymous_9)
FN:243,(anonymous_10)
FN:253,(anonymous_11)
FN:261,(anonymous_12)
FN:269,(anonymous_13)
FN:280,(anonymous_14)
FN:295,(anonymous_15)
FNF:16
FNH:16
FNDA:20,(anonymous_0)
FNDA:2,(anonymous_1)
FNDA:1,(anonymous_2)
FNDA:1,(anonymous_3)
FNDA:1,(anonymous_4)
FNDA:1,(anonymous_5)
FNDA:1,(anonymous_6)
FNDA:1,(anonymous_7)
FNDA:1,(anonymous_8)
FNDA:1,(anonymous_9)
FNDA:1,(anonymous_10)
FNDA:1,(anonymous_11)
FNDA:1,(anonymous_12)
FNDA:1,(anonymous_13)
FNDA:1,(anonymous_14)
FNDA:1,(anonymous_15)
DA:1,3
DA:2,3
DA:12,3
DA:14,3
DA:15,3
DA:16,3
DA:18,3
DA:19,20
DA:20,20
DA:22,20
DA:24,19
DA:25,19
DA:26,19
DA:28,19
DA:30,19
DA:32,19
DA:33,19
DA:35,19
DA:37,19
DA:39,19
DA:40,19
DA:41,19
DA:42,19
DA:43,19
DA:45,19
DA:46,2
DA:48,2
DA:64,1
DA:65,1
DA:68,1
DA:70,1
DA:91,1
DA:92,1
DA:93,1
DA:94,1
DA:95,1
DA:96,1
DA:97,1
DA:98,1
DA:99,1
DA:100,1
DA:101,1
DA:102,1
DA:103,1
DA:104,1
DA:105,1
DA:106,1
DA:107,1
DA:109,0
DA:113,19
DA:140,1
DA:149,1
DA:158,1
DA:177,1
DA:186,1
DA:194,1
DA:203,1
DA:214,1
DA:244,1
DA:253,1
DA:261,1
DA:270,1
DA:281,1
DA:295,1
DA:335,3
LF:65
LH:64
BRDA:48,0,0,1
BRDA:49,1,0,2
BRDA:49,1,1,1
BRDA:49,1,2,1
BRDA:49,1,3,1
BRDA:49,1,4,1
BRDA:49,1,5,1
BRDA:49,1,6,1
BRDA:49,1,7,1
BRDA:49,1,8,1
BRDA:49,1,9,1
BRDA:49,1,10,1
BRDA:49,1,11,1
BRDA:49,1,12,1
BRDA:49,1,13,1
BRDA:299,2,0,19
BRDA:299,2,1,1
BRF:17
BRH:17
end_of_record
TN:
SF:src\pages\SuccessPage.tsx
FN:15,(anonymous_0)
FN:17,(anonymous_1)
FN:22,(anonymous_2)
FN:23,(anonymous_3)
FNF:4
FNH:0
FNDA:0,(anonymous_0)
FNDA:0,(anonymous_1)
FNDA:0,(anonymous_2)
FNDA:0,(anonymous_3)
DA:1,2
DA:2,2
DA:3,2
DA:4,2
DA:5,2
DA:6,2
DA:7,2
DA:8,2
DA:9,2
DA:10,2
DA:12,2
DA:13,2
DA:15,2
DA:16,0
DA:17,0
DA:18,0
DA:19,0
DA:22,0
DA:23,0
DA:24,0
DA:25,0
DA:26,0
DA:29,0
DA:30,0
DA:31,0
DA:34,0
DA:36,0
DA:38,0
DA:39,0
DA:40,0
DA:41,0
DA:43,0
DA:46,0
DA:47,0
DA:51,0
DA:52,0
DA:57,0
DA:148,2
LF:38
LH:14
BRDA:24,0,0,0
BRDA:36,1,0,0
BRDA:36,1,1,0
BRDA:51,2,0,0
BRDA:51,3,0,0
BRDA:51,3,1,0
BRDA:64,4,0,0
BRDA:64,4,1,0
BRDA:77,5,0,0
BRDA:77,5,1,0
BRDA:98,6,0,0
BRDA:98,6,1,0
BRDA:133,7,0,0
BRDA:133,7,1,0
BRF:14
BRH:0
end_of_record
TN:
SF:src\redux\store.ts
FNF:0
FNH:0
DA:1,3
DA:2,3
DA:3,3
DA:4,3
DA:5,3
DA:6,3
DA:7,3
DA:9,3
DA:14,3
DA:19,3
DA:25,3
DA:26,3
DA:30,3
DA:32,3
DA:41,3
DA:45,3
LF:16
LH:16
BRF:0
BRH:0
end_of_record
